<?xml version="1.0" encoding="UTF-8"?>
<testsuite xmlns:xsi="http://www.w3.org/2001/XMLSchema-instance" xsi:noNamespaceSchemaLocation="https://maven.apache.org/surefire/maven-surefire-plugin/xsd/surefire-test-report.xsd" name="com.example.multiplyintegers.MultiplyIntegersTest" time="0.092" tests="4" errors="0" skipped="0" failures="1">
  <properties>
[...]
</properties>
  <testcase name="testSingleNumber" classname="com.example.multiplyintegers.MultiplyIntegersTest" time="0.068">
    <failure message="expected: &lt;6&gt; but was: &lt;5&gt;" type="org.opentest4j.AssertionFailedError"><![CDATA[org.opentest4j.AssertionFailedError: expected: <6> but was: <5>
	at com.example.multiplyintegers.MultiplyIntegersTest.testSingleNumber(MultiplyIntegersTest.java:12)
]]></failure>
  </testcase>
  <testcase name="testNoNumber" classname="com.example.multiplyintegers.MultiplyIntegersTest" time="0.002"/>
  <testcase name="testThreeNumbers" classname="com.example.multiplyintegers.MultiplyIntegersTest" time="0"/>
  <testcase name="testTwoNumbers" classname="com.example.multiplyintegers.MultiplyIntegersTest" time="0.001"/>
</testsuite>